C:\TEMP\NICE JOE\SCARY MONSTERS AND NICE JOE\SCARY MONSTERS AND NICE JOE\DEBUG\CPLAYER.OBJ
C:\TEMP\NICE JOE\SCARY MONSTERS AND NICE JOE\SCARY MONSTERS AND NICE JOE\DEBUG\CPREVIEW.OBJ
C:\TEMP\NICE JOE\SCARY MONSTERS AND NICE JOE\SCARY MONSTERS AND NICE JOE\DEBUG\CTILE.OBJ
C:\TEMP\NICE JOE\SCARY MONSTERS AND NICE JOE\SCARY MONSTERS AND NICE JOE\DEBUG\CINIMIGOE.OBJ
C:\TEMP\NICE JOE\SCARY MONSTERS AND NICE JOE\SCARY MONSTERS AND NICE JOE\DEBUG\ATOR.OBJ
C:\TEMP\NICE JOE\SCARY MONSTERS AND NICE JOE\SCARY MONSTERS AND NICE JOE\DEBUG\FW_ENTRADA.OBJ
C:\TEMP\NICE JOE\SCARY MONSTERS AND NICE JOE\SCARY MONSTERS AND NICE JOE\DEBUG\FW_RESOUCE.OBJ
C:\TEMP\NICE JOE\SCARY MONSTERS AND NICE JOE\SCARY MONSTERS AND NICE JOE\DEBUG\GAMELOOP.OBJ
C:\TEMP\NICE JOE\SCARY MONSTERS AND NICE JOE\SCARY MONSTERS AND NICE JOE\DEBUG\GERENCIADORTELAS.OBJ
C:\TEMP\NICE JOE\SCARY MONSTERS AND NICE JOE\SCARY MONSTERS AND NICE JOE\DEBUG\GERENTEATOR.OBJ
C:\TEMP\NICE JOE\SCARY MONSTERS AND NICE JOE\SCARY MONSTERS AND NICE JOE\DEBUG\MAIN.OBJ
C:\TEMP\NICE JOE\SCARY MONSTERS AND NICE JOE\SCARY MONSTERS AND NICE JOE\DEBUG\CMENU.OBJ
C:\TEMP\NICE JOE\SCARY MONSTERS AND NICE JOE\SCARY MONSTERS AND NICE JOE\DEBUG\RCREATE.OBJ
C:\TEMP\NICE JOE\SCARY MONSTERS AND NICE JOE\SCARY MONSTERS AND NICE JOE\DEBUG\REDIT.OBJ
C:\TEMP\NICE JOE\SCARY MONSTERS AND NICE JOE\SCARY MONSTERS AND NICE JOE\DEBUG\RGAMEOVER.OBJ
C:\TEMP\NICE JOE\SCARY MONSTERS AND NICE JOE\SCARY MONSTERS AND NICE JOE\DEBUG\RPLAY.OBJ
C:\TEMP\NICE JOE\SCARY MONSTERS AND NICE JOE\SCARY MONSTERS AND NICE JOE\DEBUG\RSELCRIA.OBJ
C:\TEMP\NICE JOE\SCARY MONSTERS AND NICE JOE\SCARY MONSTERS AND NICE JOE\DEBUG\RSELEDIT.OBJ
C:\TEMP\NICE JOE\SCARY MONSTERS AND NICE JOE\SCARY MONSTERS AND NICE JOE\DEBUG\RSELJOGA.OBJ
C:\TEMP\NICE JOE\SCARY MONSTERS AND NICE JOE\SCARY MONSTERS AND NICE JOE\DEBUG\RTESTA.OBJ
C:\TEMP\NICE JOE\SCARY MONSTERS AND NICE JOE\SCARY MONSTERS AND NICE JOE\DEBUG\CBUTTON.OBJ
C:\TEMP\NICE JOE\SCARY MONSTERS AND NICE JOE\SCARY MONSTERS AND NICE JOE\DEBUG\CCHOICE.OBJ
C:\TEMP\NICE JOE\SCARY MONSTERS AND NICE JOE\SCARY MONSTERS AND NICE JOE\DEBUG\CFIMJOGO.OBJ
C:\TEMP\NICE JOE\SCARY MONSTERS AND NICE JOE\SCARY MONSTERS AND NICE JOE\DEBUG\CINIMIGOBD.OBJ
C:\TEMP\NICE JOE\SCARY MONSTERS AND NICE JOE\SCARY MONSTERS AND NICE JOE\DEBUG\CINIMIGOBH.OBJ
C:\TEMP\NICE JOE\SCARY MONSTERS AND NICE JOE\SCARY MONSTERS AND NICE JOE\DEBUG\CINIMIGOBV.OBJ
C:\TEMP\NICE JOE\SCARY MONSTERS AND NICE JOE\SCARY MONSTERS AND NICE JOE\DEBUG\CINIMIGODIAG.OBJ
C:\TEMP\NICE JOE\SCARY MONSTERS AND NICE JOE\SCARY MONSTERS AND NICE JOE\DEBUG\CINIMIGOH.OBJ
C:\TEMP\NICE JOE\SCARY MONSTERS AND NICE JOE\SCARY MONSTERS AND NICE JOE\DEBUG\CINIMIGOV.OBJ
C:\TEMP\NICE JOE\SCARY MONSTERS AND NICE JOE\SCARY MONSTERS AND NICE JOE\DEBUG\CPARTICLE.OBJ
C:\TEMP\NICE JOE\SCARY MONSTERS AND NICE JOE\SCARY MONSTERS AND NICE JOE\DEBUG\VC110.PDB
C:\TEMP\NICE JOE\SCARY MONSTERS AND NICE JOE\SCARY MONSTERS AND NICE JOE\DEBUG\CONTROLEX.OBJ
C:\TEMP\NICE JOE\SCARY MONSTERS AND NICE JOE\SCARY MONSTERS AND NICE JOE\DEBUG\RLOGO.OBJ
C:\TEMP\NICE JOE\SCARY MONSTERS AND NICE JOE\SCARY MONSTERS AND NICE JOE\DEBUG\RPREMENU.OBJ
C:\TEMP\NICE JOE\SCARY MONSTERS AND NICE JOE\DEBUG\SCARY MONSTERS AND NICE JOE.ILK
C:\TEMP\NICE JOE\SCARY MONSTERS AND NICE JOE\DEBUG\SCARY MONSTERS AND NICE JOE.EXE
C:\TEMP\NICE JOE\SCARY MONSTERS AND NICE JOE\DEBUG\SCARY MONSTERS AND NICE JOE.PDB
C:\Temp\NICE JOE\Scary Monsters and Nice Joe\Scary Monsters and Nice Joe\Debug\Ator.obj
C:\Temp\NICE JOE\Scary Monsters and Nice Joe\Scary Monsters and Nice Joe\Debug\CButton.obj
C:\Temp\NICE JOE\Scary Monsters and Nice Joe\Scary Monsters and Nice Joe\Debug\CChoice.obj
C:\Temp\NICE JOE\Scary Monsters and Nice Joe\Scary Monsters and Nice Joe\Debug\CFimJogo.obj
C:\Temp\NICE JOE\Scary Monsters and Nice Joe\Scary Monsters and Nice Joe\Debug\CInimigoBD.obj
C:\Temp\NICE JOE\Scary Monsters and Nice Joe\Scary Monsters and Nice Joe\Debug\CInimigoBH.obj
C:\Temp\NICE JOE\Scary Monsters and Nice Joe\Scary Monsters and Nice Joe\Debug\CInimigoBV.obj
C:\Temp\NICE JOE\Scary Monsters and Nice Joe\Scary Monsters and Nice Joe\Debug\CInimigoDiag.obj
C:\Temp\NICE JOE\Scary Monsters and Nice Joe\Scary Monsters and Nice Joe\Debug\CInimigoE.obj
C:\Temp\NICE JOE\Scary Monsters and Nice Joe\Scary Monsters and Nice Joe\Debug\CInimigoH.obj
C:\Temp\NICE JOE\Scary Monsters and Nice Joe\Scary Monsters and Nice Joe\Debug\CInimigoV.obj
C:\Temp\NICE JOE\Scary Monsters and Nice Joe\Scary Monsters and Nice Joe\Debug\CMenu.obj
C:\Temp\NICE JOE\Scary Monsters and Nice Joe\Scary Monsters and Nice Joe\Debug\ControleX.obj
C:\Temp\NICE JOE\Scary Monsters and Nice Joe\Scary Monsters and Nice Joe\Debug\CParticle.obj
C:\Temp\NICE JOE\Scary Monsters and Nice Joe\Scary Monsters and Nice Joe\Debug\CPlayer.obj
C:\Temp\NICE JOE\Scary Monsters and Nice Joe\Scary Monsters and Nice Joe\Debug\CTile.obj
C:\Temp\NICE JOE\Scary Monsters and Nice Joe\Scary Monsters and Nice Joe\Debug\FW_Entrada.obj
C:\Temp\NICE JOE\Scary Monsters and Nice Joe\Scary Monsters and Nice Joe\Debug\FW_Resouce.obj
C:\Temp\NICE JOE\Scary Monsters and Nice Joe\Scary Monsters and Nice Joe\Debug\GameLoop.obj
C:\Temp\NICE JOE\Scary Monsters and Nice Joe\Scary Monsters and Nice Joe\Debug\GerenciadorTelas.obj
C:\Temp\NICE JOE\Scary Monsters and Nice Joe\Scary Monsters and Nice Joe\Debug\GerenteAtor.obj
C:\Temp\NICE JOE\Scary Monsters and Nice Joe\Scary Monsters and Nice Joe\Debug\Main.obj
C:\Temp\NICE JOE\Scary Monsters and Nice Joe\Scary Monsters and Nice Joe\Debug\RCreate.obj
C:\Temp\NICE JOE\Scary Monsters and Nice Joe\Scary Monsters and Nice Joe\Debug\REdit.obj
C:\Temp\NICE JOE\Scary Monsters and Nice Joe\Scary Monsters and Nice Joe\Debug\RGameOver.obj
C:\Temp\NICE JOE\Scary Monsters and Nice Joe\Scary Monsters and Nice Joe\Debug\RLogo.obj
C:\Temp\NICE JOE\Scary Monsters and Nice Joe\Scary Monsters and Nice Joe\Debug\RPlay.obj
C:\Temp\NICE JOE\Scary Monsters and Nice Joe\Scary Monsters and Nice Joe\Debug\RPreMenu.obj
C:\Temp\NICE JOE\Scary Monsters and Nice Joe\Scary Monsters and Nice Joe\Debug\RSelCria.obj
C:\Temp\NICE JOE\Scary Monsters and Nice Joe\Scary Monsters and Nice Joe\Debug\RSelEdit.obj
C:\Temp\NICE JOE\Scary Monsters and Nice Joe\Scary Monsters and Nice Joe\Debug\RSelJoga.obj
C:\Temp\NICE JOE\Scary Monsters and Nice Joe\Scary Monsters and Nice Joe\Debug\RTesta.obj
C:\Temp\NICE JOE\Scary Monsters and Nice Joe\Scary Monsters and Nice Joe\Debug\cl.command.1.tlog
C:\Temp\NICE JOE\Scary Monsters and Nice Joe\Scary Monsters and Nice Joe\Debug\CL.read.1.tlog
C:\Temp\NICE JOE\Scary Monsters and Nice Joe\Scary Monsters and Nice Joe\Debug\CL.write.1.tlog
C:\Temp\NICE JOE\Scary Monsters and Nice Joe\Scary Monsters and Nice Joe\Debug\link-cvtres.read.1.tlog
C:\Temp\NICE JOE\Scary Monsters and Nice Joe\Scary Monsters and Nice Joe\Debug\link-cvtres.write.1.tlog
C:\Temp\NICE JOE\Scary Monsters and Nice Joe\Scary Monsters and Nice Joe\Debug\link-rc.read.1.tlog
C:\Temp\NICE JOE\Scary Monsters and Nice Joe\Scary Monsters and Nice Joe\Debug\link-rc.write.1.tlog
C:\Temp\NICE JOE\Scary Monsters and Nice Joe\Scary Monsters and Nice Joe\Debug\link.1900-cvtres.read.1.tlog
C:\Temp\NICE JOE\Scary Monsters and Nice Joe\Scary Monsters and Nice Joe\Debug\link.1900-cvtres.write.1.tlog
C:\Temp\NICE JOE\Scary Monsters and Nice Joe\Scary Monsters and Nice Joe\Debug\link.1900-rc.read.1.tlog
C:\Temp\NICE JOE\Scary Monsters and Nice Joe\Scary Monsters and Nice Joe\Debug\link.1900-rc.write.1.tlog
C:\Temp\NICE JOE\Scary Monsters and Nice Joe\Scary Monsters and Nice Joe\Debug\link.1900.read.1.tlog
C:\Temp\NICE JOE\Scary Monsters and Nice Joe\Scary Monsters and Nice Joe\Debug\link.1900.write.1.tlog
C:\Temp\NICE JOE\Scary Monsters and Nice Joe\Scary Monsters and Nice Joe\Debug\link.4344-cvtres.read.1.tlog
C:\Temp\NICE JOE\Scary Monsters and Nice Joe\Scary Monsters and Nice Joe\Debug\link.4344-cvtres.write.1.tlog
C:\Temp\NICE JOE\Scary Monsters and Nice Joe\Scary Monsters and Nice Joe\Debug\link.4344-rc.read.1.tlog
C:\Temp\NICE JOE\Scary Monsters and Nice Joe\Scary Monsters and Nice Joe\Debug\link.4344-rc.write.1.tlog
C:\Temp\NICE JOE\Scary Monsters and Nice Joe\Scary Monsters and Nice Joe\Debug\link.4344.read.1.tlog
C:\Temp\NICE JOE\Scary Monsters and Nice Joe\Scary Monsters and Nice Joe\Debug\link.4344.write.1.tlog
C:\Temp\NICE JOE\Scary Monsters and Nice Joe\Scary Monsters and Nice Joe\Debug\link.4768-cvtres.read.1.tlog
C:\Temp\NICE JOE\Scary Monsters and Nice Joe\Scary Monsters and Nice Joe\Debug\link.4768-cvtres.write.1.tlog
C:\Temp\NICE JOE\Scary Monsters and Nice Joe\Scary Monsters and Nice Joe\Debug\link.4768-rc.read.1.tlog
C:\Temp\NICE JOE\Scary Monsters and Nice Joe\Scary Monsters and Nice Joe\Debug\link.4768-rc.write.1.tlog
C:\Temp\NICE JOE\Scary Monsters and Nice Joe\Scary Monsters and Nice Joe\Debug\link.4768.read.1.tlog
C:\Temp\NICE JOE\Scary Monsters and Nice Joe\Scary Monsters and Nice Joe\Debug\link.4768.write.1.tlog
C:\Temp\NICE JOE\Scary Monsters and Nice Joe\Scary Monsters and Nice Joe\Debug\link.5156-cvtres.read.1.tlog
C:\Temp\NICE JOE\Scary Monsters and Nice Joe\Scary Monsters and Nice Joe\Debug\link.5156-cvtres.write.1.tlog
C:\Temp\NICE JOE\Scary Monsters and Nice Joe\Scary Monsters and Nice Joe\Debug\link.5156-rc.read.1.tlog
C:\Temp\NICE JOE\Scary Monsters and Nice Joe\Scary Monsters and Nice Joe\Debug\link.5156-rc.write.1.tlog
C:\Temp\NICE JOE\Scary Monsters and Nice Joe\Scary Monsters and Nice Joe\Debug\link.5156.read.1.tlog
C:\Temp\NICE JOE\Scary Monsters and Nice Joe\Scary Monsters and Nice Joe\Debug\link.5156.write.1.tlog
C:\Temp\NICE JOE\Scary Monsters and Nice Joe\Scary Monsters and Nice Joe\Debug\link.5172-cvtres.read.1.tlog
C:\Temp\NICE JOE\Scary Monsters and Nice Joe\Scary Monsters and Nice Joe\Debug\link.5172-cvtres.write.1.tlog
C:\Temp\NICE JOE\Scary Monsters and Nice Joe\Scary Monsters and Nice Joe\Debug\link.5172-rc.read.1.tlog
C:\Temp\NICE JOE\Scary Monsters and Nice Joe\Scary Monsters and Nice Joe\Debug\link.5172-rc.write.1.tlog
C:\Temp\NICE JOE\Scary Monsters and Nice Joe\Scary Monsters and Nice Joe\Debug\link.5172.read.1.tlog
C:\Temp\NICE JOE\Scary Monsters and Nice Joe\Scary Monsters and Nice Joe\Debug\link.5172.write.1.tlog
C:\Temp\NICE JOE\Scary Monsters and Nice Joe\Scary Monsters and Nice Joe\Debug\link.command.1.tlog
C:\Temp\NICE JOE\Scary Monsters and Nice Joe\Scary Monsters and Nice Joe\Debug\link.read.1.tlog
C:\Temp\NICE JOE\Scary Monsters and Nice Joe\Scary Monsters and Nice Joe\Debug\link.write.1.tlog
C:\Temp\NICE JOE\Scary Monsters and Nice Joe\Scary Monsters and Nice Joe\Debug\vc110.idb
C:\Temp\NICE JOE\Scary Monsters and Nice Joe\Scary Monsters and Nice Joe\Debug\vc110.pdb
C:\Temp\NICE JOE\Scary Monsters and Nice Joe\Debug\Scary Monsters and Nice Joe.pdb
C:\Temp\NICE JOE\Scary Monsters and Nice Joe\Debug\Scary Monsters and Nice Joe.exe
C:\Temp\NICE JOE\Scary Monsters and Nice Joe\Debug\Scary Monsters and Nice Joe.ilk
